f:\vs_workspace\fly_game\fly_game\debug\vc142.pdb
f:\vs_workspace\fly_game\fly_game\debug\vc142.idb
f:\vs_workspace\fly_game\fly_game\debug\main.obj
f:\vs_workspace\fly_game\fly_game\debug\updatemap.obj
f:\fly_game\fly_game.v.s.2.1\fly_game\fly_game\debug\vc142.pdb
f:\fly_game\fly_game.v.s.2.1\fly_game\fly_game\debug\vc142.idb
f:\fly_game\fly_game.v.s.2.1\fly_game\fly_game\debug\updatemap.obj
f:\fly_game\fly_game.v.s.2.1\fly_game\fly_game\debug\main.obj
f:\vs_workspace\fly_game\debug\fly_game.exe
f:\vs_workspace\fly_game\debug\fly_game.ilk
f:\vs_workspace\fly_game\debug\fly_game.pdb
f:\fly_game\fly_game.v.s.2.1\fly_game\debug\fly_game.ilk
f:\fly_game\fly_game.v.s.2.1\fly_game\debug\fly_game.exe
f:\fly_game\fly_game.v.s.2.1\fly_game\debug\fly_game.pdb
f:\fly_game\fly_game.v.s.2.1\fly_game\fly_game\debug\fly_game.tlog\cl.command.1.tlog
f:\fly_game\fly_game.v.s.2.1\fly_game\fly_game\debug\fly_game.tlog\cl.read.1.tlog
f:\fly_game\fly_game.v.s.2.1\fly_game\fly_game\debug\fly_game.tlog\cl.write.1.tlog
f:\fly_game\fly_game.v.s.2.1\fly_game\fly_game\debug\fly_game.tlog\link.command.1.tlog
f:\fly_game\fly_game.v.s.2.1\fly_game\fly_game\debug\fly_game.tlog\link.read.1.tlog
f:\fly_game\fly_game.v.s.2.1\fly_game\fly_game\debug\fly_game.tlog\link.write.1.tlog
